Arguments: 
  /usr/local/Cellar/node@14/14.17.3/bin/node /Users/nadavschwartz/.yarn/bin/yarn.js init

PATH: 
  /Users/nadavschwartz/.rvm/gems/ruby-2.6.1/bin:/Users/nadavschwartz/.rvm/gems/ruby-2.6.1@global/bin:/Users/nadavschwartz/.rvm/rubies/ruby-2.6.1/bin:/usr/local/opt/node@14/bin:/Users/nadavschwartz/.yarn/bin:/Users/nadavschwartz/.config/yarn/global/node_modules/.bin:/Users/nadavschwartz/.nvm/versions/node/v17.3.0/bin:/Users/nadavschwartz/.nvm/versions/node/v17.3.0/bin:/Applications/Postgres.app/Contents/Versions/latest/bin:/usr/local:/usr/local/bin:/usr/local/sbin:/usr/bin:/usr/local/bin:/usr/bin:/bin:/usr/sbin:/sbin:/Users/nadavschwartz/Desktop/VMware Fusion.app/Contents/Public:/usr/local/go/bin:/usr/local/share/dotnet:~/.dotnet/tools:/Users/nadavschwartz/.rvm/gems/ruby-2.6.1/bin:/Users/nadavschwartz/.rvm/gems/ruby-2.6.1@global/bin:/Users/nadavschwartz/.rvm/rubies/ruby-2.6.1/bin:/usr/local/opt/node@14/bin:/Users/nadavschwartz/.yarn/bin:/Users/nadavschwartz/.config/yarn/global/node_modules/.bin:/Users/nadavschwartz/.nvm/versions/node/v17.3.0/bin:/Applications/Postgres.app/Contents/Versions/latest/bin:/usr/local:/usr/local/sbin:/Users/nadavschwartz/.rvm/bin:/Users/nadavschwartz/.rvm/bin

Yarn version: 
  1.22.18

Node version: 
  14.17.3

Platform: 
  darwin x64

Trace: 
  SyntaxError: /Users/nadavschwartz/Desktop/-crypto_backend/package.json: Unexpected end of JSON input
      at JSON.parse (<anonymous>)
      at /Users/nadavschwartz/.yarn/lib/cli.js:1625:59
      at Generator.next (<anonymous>)
      at step (/Users/nadavschwartz/.yarn/lib/cli.js:310:30)
      at /Users/nadavschwartz/.yarn/lib/cli.js:321:13

npm manifest: 
  

yarn manifest: 
  No manifest

Lockfile: 
  No lockfile
